<?xml version="1.0" encoding="UTF-8"?>
<testng-results ignored="0" total="1" passed="1" failed="0" skipped="0">
  <reporter-output>
  </reporter-output>
  <suite started-at="2024-09-21T03:23:34 EDT" name="Default suite" finished-at="2024-09-21T03:23:43 EDT" duration-ms="9149">
    <groups>
    </groups>
    <test started-at="2024-09-21T03:23:34 EDT" name="Default test" finished-at="2024-09-21T03:23:43 EDT" duration-ms="9149">
      <class name="selenium1.selenium1.Amazon_login_testcase_incorrect_credentials">
        <test-method is-config="true" signature="launch()[pri:0, instance:selenium1.selenium1.Amazon_login_testcase_incorrect_credentials@479d31f3]" started-at="2024-09-21T03:23:34 EDT" name="launch" finished-at="2024-09-21T03:23:37 EDT" duration-ms="2990" status="PASS">
          <reporter-output>
          </reporter-output>
        </test-method> <!-- launch -->
        <test-method signature="login_button()[pri:0, instance:selenium1.selenium1.Amazon_login_testcase_incorrect_credentials@479d31f3]" started-at="2024-09-21T03:23:37 EDT" name="login_button" finished-at="2024-09-21T03:23:41 EDT" duration-ms="4108" status="PASS">
          <reporter-output>
          </reporter-output>
        </test-method> <!-- login_button -->
        <test-method is-config="true" signature="quit()[pri:0, instance:selenium1.selenium1.Amazon_login_testcase_incorrect_credentials@479d31f3]" started-at="2024-09-21T03:23:41 EDT" name="quit" finished-at="2024-09-21T03:23:43 EDT" duration-ms="2007" status="PASS">
          <reporter-output>
          </reporter-output>
        </test-method> <!-- quit -->
      </class> <!-- selenium1.selenium1.Amazon_login_testcase_incorrect_credentials -->
    </test> <!-- Default test -->
  </suite> <!-- Default suite -->
</testng-results>
